<?xml version="1.0" encoding="UTF-8"?>
<testsuite xmlns:xsi="http://www.w3.org/2001/XMLSchema-instance" xsi:noNamespaceSchemaLocation="https://maven.apache.org/surefire/maven-surefire-plugin/xsd/surefire-test-report-3.0.xsd" version="3.0" name="com.messagingservice.backendservice.DemoApplicationTests" time="26.2" tests="1" errors="0" skipped="0" failures="0">
  <properties>
    <property name="java.specification.version" value="17"/>
    <property name="sun.cpu.isalist" value="amd64"/>
    <property name="sun.jnu.encoding" value="Cp1252"/>
    <property name="java.class.path" value="D:\CloudWatch\Producer-ConsumerBackend\Producer-ConsumerBackend\backend-service\target\test-classes;D:\CloudWatch\Producer-ConsumerBackend\Producer-ConsumerBackend\backend-service\target\classes;C:\Users\S Sai Manideep\.m2\repository\org\springframework\boot\spring-boot-starter-web\3.1.0\spring-boot-starter-web-3.1.0.jar;C:\Users\S Sai Manideep\.m2\repository\org\springframework\boot\spring-boot-starter\3.1.0\spring-boot-starter-3.1.0.jar;C:\Users\S Sai Manideep\.m2\repository\org\springframework\boot\spring-boot\3.1.0\spring-boot-3.1.0.jar;C:\Users\S Sai Manideep\.m2\repository\org\springframework\boot\spring-boot-autoconfigure\3.1.0\spring-boot-autoconfigure-3.1.0.jar;C:\Users\S Sai Manideep\.m2\repository\org\springframework\boot\spring-boot-starter-logging\3.1.0\spring-boot-starter-logging-3.1.0.jar;C:\Users\S Sai Manideep\.m2\repository\org\apache\logging\log4j\log4j-to-slf4j\2.20.0\log4j-to-slf4j-2.20.0.jar;C:\Users\S Sai Manideep\.m2\repository\org\apache\logging\log4j\log4j-api\2.20.0\log4j-api-2.20.0.jar;C:\Users\S Sai Manideep\.m2\repository\org\slf4j\jul-to-slf4j\2.0.7\jul-to-slf4j-2.0.7.jar;C:\Users\S Sai Manideep\.m2\repository\jakarta\annotation\jakarta.annotation-api\2.1.1\jakarta.annotation-api-2.1.1.jar;C:\Users\S Sai Manideep\.m2\repository\org\yaml\snakeyaml\1.33\snakeyaml-1.33.jar;C:\Users\S Sai Manideep\.m2\repository\org\springframework\boot\spring-boot-starter-json\3.1.0\spring-boot-starter-json-3.1.0.jar;C:\Users\S Sai Manideep\.m2\repository\com\fasterxml\jackson\datatype\jackson-datatype-jdk8\2.15.0\jackson-datatype-jdk8-2.15.0.jar;C:\Users\S Sai Manideep\.m2\repository\com\fasterxml\jackson\datatype\jackson-datatype-jsr310\2.15.0\jackson-datatype-jsr310-2.15.0.jar;C:\Users\S Sai Manideep\.m2\repository\com\fasterxml\jackson\module\jackson-module-parameter-names\2.15.0\jackson-module-parameter-names-2.15.0.jar;C:\Users\S Sai Manideep\.m2\repository\org\springframework\boot\spring-boot-starter-tomcat\3.1.0\spring-boot-starter-tomcat-3.1.0.jar;C:\Users\S Sai Manideep\.m2\repository\org\apache\tomcat\embed\tomcat-embed-core\10.1.8\tomcat-embed-core-10.1.8.jar;C:\Users\S Sai Manideep\.m2\repository\org\apache\tomcat\embed\tomcat-embed-el\10.1.8\tomcat-embed-el-10.1.8.jar;C:\Users\S Sai Manideep\.m2\repository\org\apache\tomcat\embed\tomcat-embed-websocket\10.1.8\tomcat-embed-websocket-10.1.8.jar;C:\Users\S Sai Manideep\.m2\repository\org\springframework\spring-web\6.0.9\spring-web-6.0.9.jar;C:\Users\S Sai Manideep\.m2\repository\org\springframework\spring-beans\6.0.9\spring-beans-6.0.9.jar;C:\Users\S Sai Manideep\.m2\repository\org\springframework\spring-webmvc\6.0.9\spring-webmvc-6.0.9.jar;C:\Users\S Sai Manideep\.m2\repository\org\springframework\spring-expression\6.0.9\spring-expression-6.0.9.jar;C:\Users\S Sai Manideep\.m2\repository\org\springframework\boot\spring-boot-starter-webflux\3.1.0\spring-boot-starter-webflux-3.1.0.jar;C:\Users\S Sai Manideep\.m2\repository\org\springframework\boot\spring-boot-starter-reactor-netty\3.1.0\spring-boot-starter-reactor-netty-3.1.0.jar;C:\Users\S Sai Manideep\.m2\repository\io\projectreactor\netty\reactor-netty-http\1.1.7\reactor-netty-http-1.1.7.jar;C:\Users\S Sai Manideep\.m2\repository\io\netty\netty-codec-http\4.1.92.Final\netty-codec-http-4.1.92.Final.jar;C:\Users\S Sai Manideep\.m2\repository\io\netty\netty-codec-http2\4.1.92.Final\netty-codec-http2-4.1.92.Final.jar;C:\Users\S Sai Manideep\.m2\repository\io\netty\netty-resolver-dns\4.1.92.Final\netty-resolver-dns-4.1.92.Final.jar;C:\Users\S Sai Manideep\.m2\repository\io\netty\netty-codec-dns\4.1.92.Final\netty-codec-dns-4.1.92.Final.jar;C:\Users\S Sai Manideep\.m2\repository\io\netty\netty-resolver-dns-native-macos\4.1.92.Final\netty-resolver-dns-native-macos-4.1.92.Final-osx-x86_64.jar;C:\Users\S Sai Manideep\.m2\repository\io\netty\netty-resolver-dns-classes-macos\4.1.92.Final\netty-resolver-dns-classes-macos-4.1.92.Final.jar;C:\Users\S Sai Manideep\.m2\repository\io\netty\netty-transport-native-epoll\4.1.92.Final\netty-transport-native-epoll-4.1.92.Final-linux-x86_64.jar;C:\Users\S Sai Manideep\.m2\repository\io\projectreactor\netty\reactor-netty-core\1.1.7\reactor-netty-core-1.1.7.jar;C:\Users\S Sai Manideep\.m2\repository\io\netty\netty-handler-proxy\4.1.92.Final\netty-handler-proxy-4.1.92.Final.jar;C:\Users\S Sai Manideep\.m2\repository\io\netty\netty-codec-socks\4.1.92.Final\netty-codec-socks-4.1.92.Final.jar;C:\Users\S Sai Manideep\.m2\repository\org\springframework\spring-webflux\6.0.9\spring-webflux-6.0.9.jar;C:\Users\S Sai Manideep\.m2\repository\io\projectreactor\reactor-core\3.5.6\reactor-core-3.5.6.jar;C:\Users\S Sai Manideep\.m2\repository\org\reactivestreams\reactive-streams\1.0.4\reactive-streams-1.0.4.jar;C:\Users\S Sai Manideep\.m2\repository\org\springframework\boot\spring-boot-starter-data-jpa\3.1.0\spring-boot-starter-data-jpa-3.1.0.jar;C:\Users\S Sai Manideep\.m2\repository\org\springframework\boot\spring-boot-starter-jdbc\3.1.0\spring-boot-starter-jdbc-3.1.0.jar;C:\Users\S Sai Manideep\.m2\repository\com\zaxxer\HikariCP\5.0.1\HikariCP-5.0.1.jar;C:\Users\S Sai Manideep\.m2\repository\org\springframework\spring-jdbc\6.0.9\spring-jdbc-6.0.9.jar;C:\Users\S Sai Manideep\.m2\repository\org\hibernate\orm\hibernate-core\6.2.2.Final\hibernate-core-6.2.2.Final.jar;C:\Users\S Sai Manideep\.m2\repository\jakarta\persistence\jakarta.persistence-api\3.1.0\jakarta.persistence-api-3.1.0.jar;C:\Users\S Sai Manideep\.m2\repository\jakarta\transaction\jakarta.transaction-api\2.0.1\jakarta.transaction-api-2.0.1.jar;C:\Users\S Sai Manideep\.m2\repository\org\jboss\logging\jboss-logging\3.5.0.Final\jboss-logging-3.5.0.Final.jar;C:\Users\S Sai Manideep\.m2\repository\org\hibernate\common\hibernate-commons-annotations\6.0.6.Final\hibernate-commons-annotations-6.0.6.Final.jar;C:\Users\S Sai Manideep\.m2\repository\io\smallrye\jandex\3.0.5\jandex-3.0.5.jar;C:\Users\S Sai Manideep\.m2\repository\net\bytebuddy\byte-buddy\1.14.4\byte-buddy-1.14.4.jar;C:\Users\S Sai Manideep\.m2\repository\org\glassfish\jaxb\jaxb-runtime\4.0.2\jaxb-runtime-4.0.2.jar;C:\Users\S Sai Manideep\.m2\repository\org\glassfish\jaxb\jaxb-core\4.0.2\jaxb-core-4.0.2.jar;C:\Users\S Sai Manideep\.m2\repository\org\eclipse\angus\angus-activation\2.0.0\angus-activation-2.0.0.jar;C:\Users\S Sai Manideep\.m2\repository\org\glassfish\jaxb\txw2\4.0.2\txw2-4.0.2.jar;C:\Users\S Sai Manideep\.m2\repository\com\sun\istack\istack-commons-runtime\4.1.1\istack-commons-runtime-4.1.1.jar;C:\Users\S Sai Manideep\.m2\repository\jakarta\inject\jakarta.inject-api\2.0.1\jakarta.inject-api-2.0.1.jar;C:\Users\S Sai Manideep\.m2\repository\org\antlr\antlr4-runtime\4.10.1\antlr4-runtime-4.10.1.jar;C:\Users\S Sai Manideep\.m2\repository\org\springframework\data\spring-data-jpa\3.1.0\spring-data-jpa-3.1.0.jar;C:\Users\S Sai Manideep\.m2\repository\org\springframework\data\spring-data-commons\3.1.0\spring-data-commons-3.1.0.jar;C:\Users\S Sai Manideep\.m2\repository\org\springframework\spring-orm\6.0.9\spring-orm-6.0.9.jar;C:\Users\S Sai Manideep\.m2\repository\org\springframework\spring-aspects\6.0.9\spring-aspects-6.0.9.jar;C:\Users\S Sai Manideep\.m2\repository\org\springframework\cloud\spring-cloud-starter-loadbalancer\4.0.3\spring-cloud-starter-loadbalancer-4.0.3.jar;C:\Users\S Sai Manideep\.m2\repository\org\springframework\cloud\spring-cloud-starter\4.0.3\spring-cloud-starter-4.0.3.jar;C:\Users\S Sai Manideep\.m2\repository\org\springframework\cloud\spring-cloud-context\4.0.3\spring-cloud-context-4.0.3.jar;C:\Users\S Sai Manideep\.m2\repository\org\springframework\security\spring-security-crypto\6.1.0\spring-security-crypto-6.1.0.jar;C:\Users\S Sai Manideep\.m2\repository\org\springframework\cloud\spring-cloud-commons\4.0.3\spring-cloud-commons-4.0.3.jar;C:\Users\S Sai Manideep\.m2\repository\org\springframework\security\spring-security-rsa\1.0.11.RELEASE\spring-security-rsa-1.0.11.RELEASE.jar;C:\Users\S Sai Manideep\.m2\repository\org\bouncycastle\bcpkix-jdk15on\1.69\bcpkix-jdk15on-1.69.jar;C:\Users\S Sai Manideep\.m2\repository\org\bouncycastle\bcprov-jdk15on\1.69\bcprov-jdk15on-1.69.jar;C:\Users\S Sai Manideep\.m2\repository\org\bouncycastle\bcutil-jdk15on\1.69\bcutil-jdk15on-1.69.jar;C:\Users\S Sai Manideep\.m2\repository\org\springframework\cloud\spring-cloud-loadbalancer\4.0.3\spring-cloud-loadbalancer-4.0.3.jar;C:\Users\S Sai Manideep\.m2\repository\io\projectreactor\addons\reactor-extra\3.5.1\reactor-extra-3.5.1.jar;C:\Users\S Sai Manideep\.m2\repository\org\springframework\boot\spring-boot-starter-cache\3.1.0\spring-boot-starter-cache-3.1.0.jar;C:\Users\S Sai Manideep\.m2\repository\com\stoyanr\evictor\1.0.0\evictor-1.0.0.jar;C:\Users\S Sai Manideep\.m2\repository\net\logstash\logback\logstash-logback-encoder\7.4\logstash-logback-encoder-7.4.jar;C:\Users\S Sai Manideep\.m2\repository\com\fasterxml\jackson\core\jackson-databind\2.15.0\jackson-databind-2.15.0.jar;C:\Users\S Sai Manideep\.m2\repository\org\springframework\boot\spring-boot-starter-actuator\3.1.0\spring-boot-starter-actuator-3.1.0.jar;C:\Users\S Sai Manideep\.m2\repository\org\springframework\boot\spring-boot-actuator-autoconfigure\3.1.0\spring-boot-actuator-autoconfigure-3.1.0.jar;C:\Users\S Sai Manideep\.m2\repository\org\springframework\boot\spring-boot-actuator\3.1.0\spring-boot-actuator-3.1.0.jar;C:\Users\S Sai Manideep\.m2\repository\io\micrometer\micrometer-observation\1.11.0\micrometer-observation-1.11.0.jar;C:\Users\S Sai Manideep\.m2\repository\io\micrometer\micrometer-commons\1.11.0\micrometer-commons-1.11.0.jar;C:\Users\S Sai Manideep\.m2\repository\io\micrometer\micrometer-core\1.11.0\micrometer-core-1.11.0.jar;C:\Users\S Sai Manideep\.m2\repository\org\hdrhistogram\HdrHistogram\2.1.12\HdrHistogram-2.1.12.jar;C:\Users\S Sai Manideep\.m2\repository\org\latencyutils\LatencyUtils\2.0.3\LatencyUtils-2.0.3.jar;C:\Users\S Sai Manideep\.m2\repository\com\mysql\mysql-connector-j\8.0.31\mysql-connector-j-8.0.31.jar;C:\Users\S Sai Manideep\.m2\repository\com\microsoft\sqlserver\mssql-jdbc\10.2.0.jre11\mssql-jdbc-10.2.0.jre11.jar;C:\Users\S Sai Manideep\.m2\repository\org\springframework\boot\spring-boot-starter-thymeleaf\3.1.0\spring-boot-starter-thymeleaf-3.1.0.jar;C:\Users\S Sai Manideep\.m2\repository\org\thymeleaf\thymeleaf-spring6\3.1.1.RELEASE\thymeleaf-spring6-3.1.1.RELEASE.jar;C:\Users\S Sai Manideep\.m2\repository\org\thymeleaf\thymeleaf\3.1.1.RELEASE\thymeleaf-3.1.1.RELEASE.jar;C:\Users\S Sai Manideep\.m2\repository\org\attoparser\attoparser\2.0.6.RELEASE\attoparser-2.0.6.RELEASE.jar;C:\Users\S Sai Manideep\.m2\repository\org\unbescape\unbescape\1.1.6.RELEASE\unbescape-1.1.6.RELEASE.jar;C:\Users\S Sai Manideep\.m2\repository\com\google\guava\guava\28.1-jre\guava-28.1-jre.jar;C:\Users\S Sai Manideep\.m2\repository\com\google\guava\failureaccess\1.0.1\failureaccess-1.0.1.jar;C:\Users\S Sai Manideep\.m2\repository\com\google\guava\listenablefuture\9999.0-empty-to-avoid-conflict-with-guava\listenablefuture-9999.0-empty-to-avoid-conflict-with-guava.jar;C:\Users\S Sai Manideep\.m2\repository\com\google\code\findbugs\jsr305\3.0.2\jsr305-3.0.2.jar;C:\Users\S Sai Manideep\.m2\repository\org\checkerframework\checker-qual\2.8.1\checker-qual-2.8.1.jar;C:\Users\S Sai Manideep\.m2\repository\com\google\errorprone\error_prone_annotations\2.3.2\error_prone_annotations-2.3.2.jar;C:\Users\S Sai Manideep\.m2\repository\com\google\j2objc\j2objc-annotations\1.3\j2objc-annotations-1.3.jar;C:\Users\S Sai Manideep\.m2\repository\org\codehaus\mojo\animal-sniffer-annotations\1.18\animal-sniffer-annotations-1.18.jar;C:\Users\S Sai Manideep\.m2\repository\org\projectlombok\lombok\1.18.20\lombok-1.18.20.jar;C:\Users\S Sai Manideep\.m2\repository\org\springframework\boot\spring-boot-starter-test\3.1.0\spring-boot-starter-test-3.1.0.jar;C:\Users\S Sai Manideep\.m2\repository\org\springframework\boot\spring-boot-test\3.1.0\spring-boot-test-3.1.0.jar;C:\Users\S Sai Manideep\.m2\repository\org\springframework\boot\spring-boot-test-autoconfigure\3.1.0\spring-boot-test-autoconfigure-3.1.0.jar;C:\Users\S Sai Manideep\.m2\repository\com\jayway\jsonpath\json-path\2.8.0\json-path-2.8.0.jar;C:\Users\S Sai Manideep\.m2\repository\jakarta\xml\bind\jakarta.xml.bind-api\4.0.0\jakarta.xml.bind-api-4.0.0.jar;C:\Users\S Sai Manideep\.m2\repository\jakarta\activation\jakarta.activation-api\2.1.2\jakarta.activation-api-2.1.2.jar;C:\Users\S Sai Manideep\.m2\repository\net\minidev\json-smart\2.4.10\json-smart-2.4.10.jar;C:\Users\S Sai Manideep\.m2\repository\net\minidev\accessors-smart\2.4.9\accessors-smart-2.4.9.jar;C:\Users\S Sai Manideep\.m2\repository\org\ow2\asm\asm\9.3\asm-9.3.jar;C:\Users\S Sai Manideep\.m2\repository\org\assertj\assertj-core\3.24.2\assertj-core-3.24.2.jar;C:\Users\S Sai Manideep\.m2\repository\org\hamcrest\hamcrest\2.2\hamcrest-2.2.jar;C:\Users\S Sai Manideep\.m2\repository\org\junit\jupiter\junit-jupiter\5.9.3\junit-jupiter-5.9.3.jar;C:\Users\S Sai Manideep\.m2\repository\org\junit\jupiter\junit-jupiter-params\5.9.3\junit-jupiter-params-5.9.3.jar;C:\Users\S Sai Manideep\.m2\repository\org\junit\jupiter\junit-jupiter-engine\5.9.3\junit-jupiter-engine-5.9.3.jar;C:\Users\S Sai Manideep\.m2\repository\org\mockito\mockito-core\4.8.1\mockito-core-4.8.1.jar;C:\Users\S Sai Manideep\.m2\repository\net\bytebuddy\byte-buddy-agent\1.14.4\byte-buddy-agent-1.14.4.jar;C:\Users\S Sai Manideep\.m2\repository\org\objenesis\objenesis\3.2\objenesis-3.2.jar;C:\Users\S Sai Manideep\.m2\repository\org\mockito\mockito-junit-jupiter\4.8.1\mockito-junit-jupiter-4.8.1.jar;C:\Users\S Sai Manideep\.m2\repository\org\skyscreamer\jsonassert\1.5.1\jsonassert-1.5.1.jar;C:\Users\S Sai Manideep\.m2\repository\com\vaadin\external\google\android-json\0.0.20131108.vaadin1\android-json-0.0.20131108.vaadin1.jar;C:\Users\S Sai Manideep\.m2\repository\org\springframework\spring-core\6.0.9\spring-core-6.0.9.jar;C:\Users\S Sai Manideep\.m2\repository\org\springframework\spring-jcl\6.0.9\spring-jcl-6.0.9.jar;C:\Users\S Sai Manideep\.m2\repository\org\springframework\spring-test\6.0.9\spring-test-6.0.9.jar;C:\Users\S Sai Manideep\.m2\repository\org\xmlunit\xmlunit-core\2.9.1\xmlunit-core-2.9.1.jar;C:\Users\S Sai Manideep\.m2\repository\org\springframework\kafka\spring-kafka\3.0.7\spring-kafka-3.0.7.jar;C:\Users\S Sai Manideep\.m2\repository\org\springframework\spring-context\6.0.9\spring-context-6.0.9.jar;C:\Users\S Sai Manideep\.m2\repository\org\springframework\spring-messaging\6.0.9\spring-messaging-6.0.9.jar;C:\Users\S Sai Manideep\.m2\repository\org\springframework\spring-tx\6.0.9\spring-tx-6.0.9.jar;C:\Users\S Sai Manideep\.m2\repository\org\springframework\retry\spring-retry\2.0.1\spring-retry-2.0.1.jar;C:\Users\S Sai Manideep\.m2\repository\org\apache\kafka\kafka-clients\3.4.0\kafka-clients-3.4.0.jar;C:\Users\S Sai Manideep\.m2\repository\com\github\luben\zstd-jni\1.5.2-1\zstd-jni-1.5.2-1.jar;C:\Users\S Sai Manideep\.m2\repository\org\lz4\lz4-java\1.8.0\lz4-java-1.8.0.jar;C:\Users\S Sai Manideep\.m2\repository\org\xerial\snappy\snappy-java\1.1.8.4\snappy-java-1.1.8.4.jar;C:\Users\S Sai Manideep\.m2\repository\org\springframework\kafka\spring-kafka-test\3.0.7\spring-kafka-test-3.0.7.jar;C:\Users\S Sai Manideep\.m2\repository\org\apache\zookeeper\zookeeper\3.6.3\zookeeper-3.6.3.jar;C:\Users\S Sai Manideep\.m2\repository\org\apache\zookeeper\zookeeper-jute\3.6.3\zookeeper-jute-3.6.3.jar;C:\Users\S Sai Manideep\.m2\repository\org\apache\yetus\audience-annotations\0.5.0\audience-annotations-0.5.0.jar;C:\Users\S Sai Manideep\.m2\repository\io\netty\netty-handler\4.1.92.Final\netty-handler-4.1.92.Final.jar;C:\Users\S Sai Manideep\.m2\repository\io\netty\netty-common\4.1.92.Final\netty-common-4.1.92.Final.jar;C:\Users\S Sai Manideep\.m2\repository\io\netty\netty-resolver\4.1.92.Final\netty-resolver-4.1.92.Final.jar;C:\Users\S Sai Manideep\.m2\repository\io\netty\netty-buffer\4.1.92.Final\netty-buffer-4.1.92.Final.jar;C:\Users\S Sai Manideep\.m2\repository\io\netty\netty-transport\4.1.92.Final\netty-transport-4.1.92.Final.jar;C:\Users\S Sai Manideep\.m2\repository\io\netty\netty-transport-native-unix-common\4.1.92.Final\netty-transport-native-unix-common-4.1.92.Final.jar;C:\Users\S Sai Manideep\.m2\repository\io\netty\netty-codec\4.1.92.Final\netty-codec-4.1.92.Final.jar;C:\Users\S Sai Manideep\.m2\repository\io\netty\netty-transport-native-epoll\4.1.92.Final\netty-transport-native-epoll-4.1.92.Final.jar;C:\Users\S Sai Manideep\.m2\repository\io\netty\netty-transport-classes-epoll\4.1.92.Final\netty-transport-classes-epoll-4.1.92.Final.jar;C:\Users\S Sai Manideep\.m2\repository\org\apache\kafka\kafka-clients\3.4.0\kafka-clients-3.4.0-test.jar;C:\Users\S Sai Manideep\.m2\repository\org\apache\kafka\kafka-metadata\3.4.0\kafka-metadata-3.4.0.jar;C:\Users\S Sai Manideep\.m2\repository\org\apache\kafka\kafka-server-common\3.4.0\kafka-server-common-3.4.0.jar;C:\Users\S Sai Manideep\.m2\repository\org\apache\kafka\kafka-raft\3.4.0\kafka-raft-3.4.0.jar;C:\Users\S Sai Manideep\.m2\repository\com\yammer\metrics\metrics-core\2.2.0\metrics-core-2.2.0.jar;C:\Users\S Sai Manideep\.m2\repository\org\apache\kafka\kafka-streams-test-utils\3.4.0\kafka-streams-test-utils-3.4.0.jar;C:\Users\S Sai Manideep\.m2\repository\org\apache\kafka\kafka-streams\3.4.0\kafka-streams-3.4.0.jar;C:\Users\S Sai Manideep\.m2\repository\org\rocksdb\rocksdbjni\7.1.2\rocksdbjni-7.1.2.jar;C:\Users\S Sai Manideep\.m2\repository\org\apache\kafka\kafka_2.13\3.4.0\kafka_2.13-3.4.0.jar;C:\Users\S Sai Manideep\.m2\repository\org\scala-lang\scala-library\2.13.10\scala-library-2.13.10.jar;C:\Users\S Sai Manideep\.m2\repository\org\apache\kafka\kafka-group-coordinator\3.4.0\kafka-group-coordinator-3.4.0.jar;C:\Users\S Sai Manideep\.m2\repository\org\apache\kafka\kafka-storage\3.4.0\kafka-storage-3.4.0.jar;C:\Users\S Sai Manideep\.m2\repository\org\apache\kafka\kafka-storage-api\3.4.0\kafka-storage-api-3.4.0.jar;C:\Users\S Sai Manideep\.m2\repository\net\sourceforge\argparse4j\argparse4j\0.7.0\argparse4j-0.7.0.jar;C:\Users\S Sai Manideep\.m2\repository\com\fasterxml\jackson\module\jackson-module-scala_2.13\2.15.0\jackson-module-scala_2.13-2.15.0.jar;C:\Users\S Sai Manideep\.m2\repository\com\thoughtworks\paranamer\paranamer\2.8\paranamer-2.8.jar;C:\Users\S Sai Manideep\.m2\repository\com\fasterxml\jackson\dataformat\jackson-dataformat-csv\2.15.0\jackson-dataformat-csv-2.15.0.jar;C:\Users\S Sai Manideep\.m2\repository\net\sf\jopt-simple\jopt-simple\5.0.4\jopt-simple-5.0.4.jar;C:\Users\S Sai Manideep\.m2\repository\org\bitbucket\b_c\jose4j\0.7.9\jose4j-0.7.9.jar;C:\Users\S Sai Manideep\.m2\repository\org\scala-lang\modules\scala-collection-compat_2.13\2.6.0\scala-collection-compat_2.13-2.6.0.jar;C:\Users\S Sai Manideep\.m2\repository\org\scala-lang\modules\scala-java8-compat_2.13\1.0.2\scala-java8-compat_2.13-1.0.2.jar;C:\Users\S Sai Manideep\.m2\repository\org\scala-lang\scala-reflect\2.13.10\scala-reflect-2.13.10.jar;C:\Users\S Sai Manideep\.m2\repository\com\typesafe\scala-logging\scala-logging_2.13\3.9.4\scala-logging_2.13-3.9.4.jar;C:\Users\S Sai Manideep\.m2\repository\io\dropwizard\metrics\metrics-core\4.2.18\metrics-core-4.2.18.jar;C:\Users\S Sai Manideep\.m2\repository\commons-cli\commons-cli\1.4\commons-cli-1.4.jar;C:\Users\S Sai Manideep\.m2\repository\org\apache\kafka\kafka_2.13\3.4.0\kafka_2.13-3.4.0-test.jar;C:\Users\S Sai Manideep\.m2\repository\org\junit\jupiter\junit-jupiter-api\5.9.3\junit-jupiter-api-5.9.3.jar;C:\Users\S Sai Manideep\.m2\repository\org\opentest4j\opentest4j\1.2.0\opentest4j-1.2.0.jar;C:\Users\S Sai Manideep\.m2\repository\org\junit\platform\junit-platform-commons\1.9.3\junit-platform-commons-1.9.3.jar;C:\Users\S Sai Manideep\.m2\repository\org\apiguardian\apiguardian-api\1.1.2\apiguardian-api-1.1.2.jar;C:\Users\S Sai Manideep\.m2\repository\org\junit\platform\junit-platform-launcher\1.9.3\junit-platform-launcher-1.9.3.jar;C:\Users\S Sai Manideep\.m2\repository\org\junit\platform\junit-platform-engine\1.9.3\junit-platform-engine-1.9.3.jar;C:\Users\S Sai Manideep\.m2\repository\io\springfox\springfox-swagger-ui\3.0.0\springfox-swagger-ui-3.0.0.jar;C:\Users\S Sai Manideep\.m2\repository\io\springfox\springfox-spring-webmvc\3.0.0\springfox-spring-webmvc-3.0.0.jar;C:\Users\S Sai Manideep\.m2\repository\io\springfox\springfox-core\3.0.0\springfox-core-3.0.0.jar;C:\Users\S Sai Manideep\.m2\repository\io\springfox\springfox-swagger2\3.0.0\springfox-swagger2-3.0.0.jar;C:\Users\S Sai Manideep\.m2\repository\io\springfox\springfox-spi\3.0.0\springfox-spi-3.0.0.jar;C:\Users\S Sai Manideep\.m2\repository\io\springfox\springfox-schema\3.0.0\springfox-schema-3.0.0.jar;C:\Users\S Sai Manideep\.m2\repository\io\springfox\springfox-swagger-common\3.0.0\springfox-swagger-common-3.0.0.jar;C:\Users\S Sai Manideep\.m2\repository\io\swagger\core\v3\swagger-annotations\2.1.2\swagger-annotations-2.1.2.jar;C:\Users\S Sai Manideep\.m2\repository\io\springfox\springfox-spring-web\3.0.0\springfox-spring-web-3.0.0.jar;C:\Users\S Sai Manideep\.m2\repository\io\github\classgraph\classgraph\4.8.83\classgraph-4.8.83.jar;C:\Users\S Sai Manideep\.m2\repository\io\springfox\springfox-spring-webflux\3.0.0\springfox-spring-webflux-3.0.0.jar;C:\Users\S Sai Manideep\.m2\repository\com\fasterxml\classmate\1.5.1\classmate-1.5.1.jar;C:\Users\S Sai Manideep\.m2\repository\org\springframework\plugin\spring-plugin-core\2.0.0.RELEASE\spring-plugin-core-2.0.0.RELEASE.jar;C:\Users\S Sai Manideep\.m2\repository\org\springframework\plugin\spring-plugin-metadata\2.0.0.RELEASE\spring-plugin-metadata-2.0.0.RELEASE.jar;C:\Users\S Sai Manideep\.m2\repository\io\swagger\swagger-annotations\1.5.20\swagger-annotations-1.5.20.jar;C:\Users\S Sai Manideep\.m2\repository\io\swagger\swagger-models\1.5.20\swagger-models-1.5.20.jar;C:\Users\S Sai Manideep\.m2\repository\junit\junit\4.13.2\junit-4.13.2.jar;C:\Users\S Sai Manideep\.m2\repository\org\hamcrest\hamcrest-core\2.2\hamcrest-core-2.2.jar;C:\Users\S Sai Manideep\.m2\repository\io\micrometer\micrometer-registry-prometheus\1.11.0\micrometer-registry-prometheus-1.11.0.jar;C:\Users\S Sai Manideep\.m2\repository\io\prometheus\simpleclient_common\0.16.0\simpleclient_common-0.16.0.jar;C:\Users\S Sai Manideep\.m2\repository\io\prometheus\simpleclient\0.16.0\simpleclient-0.16.0.jar;C:\Users\S Sai Manideep\.m2\repository\io\prometheus\simpleclient_tracer_otel\0.16.0\simpleclient_tracer_otel-0.16.0.jar;C:\Users\S Sai Manideep\.m2\repository\io\prometheus\simpleclient_tracer_common\0.16.0\simpleclient_tracer_common-0.16.0.jar;C:\Users\S Sai Manideep\.m2\repository\io\prometheus\simpleclient_tracer_otel_agent\0.16.0\simpleclient_tracer_otel_agent-0.16.0.jar;C:\Users\S Sai Manideep\.m2\repository\org\mapstruct\mapstruct\1.5.3.Final\mapstruct-1.5.3.Final.jar;C:\Users\S Sai Manideep\.m2\repository\org\apache\httpcomponents\httpclient\4.5.14\httpclient-4.5.14.jar;C:\Users\S Sai Manideep\.m2\repository\org\apache\httpcomponents\httpcore\4.4.16\httpcore-4.4.16.jar;C:\Users\S Sai Manideep\.m2\repository\commons-logging\commons-logging\1.2\commons-logging-1.2.jar;C:\Users\S Sai Manideep\.m2\repository\commons-codec\commons-codec\1.15\commons-codec-1.15.jar;C:\Users\S Sai Manideep\.m2\repository\com\google\code\gson\gson\2.10\gson-2.10.jar;C:\Users\S Sai Manideep\.m2\repository\org\json\json\20230227\json-20230227.jar;C:\Users\S Sai Manideep\.m2\repository\org\slf4j\slf4j-api\2.0.9\slf4j-api-2.0.9.jar;C:\Users\S Sai Manideep\.m2\repository\ch\qos\logback\logback-classic\1.4.7\logback-classic-1.4.7.jar;C:\Users\S Sai Manideep\.m2\repository\ch\qos\logback\logback-core\1.4.7\logback-core-1.4.7.jar;C:\Users\S Sai Manideep\.m2\repository\jakarta\servlet\jakarta.servlet-api\5.0.0\jakarta.servlet-api-5.0.0.jar;C:\Users\S Sai Manideep\.m2\repository\com\fasterxml\jackson\dataformat\jackson-dataformat-xml\2.15.0\jackson-dataformat-xml-2.15.0.jar;C:\Users\S Sai Manideep\.m2\repository\com\fasterxml\jackson\core\jackson-core\2.15.0\jackson-core-2.15.0.jar;C:\Users\S Sai Manideep\.m2\repository\com\fasterxml\jackson\core\jackson-annotations\2.15.0\jackson-annotations-2.15.0.jar;C:\Users\S Sai Manideep\.m2\repository\org\codehaus\woodstox\stax2-api\4.2.1\stax2-api-4.2.1.jar;C:\Users\S Sai Manideep\.m2\repository\com\fasterxml\woodstox\woodstox-core\6.5.1\woodstox-core-6.5.1.jar;C:\Users\S Sai Manideep\.m2\repository\com\amazonaws\aws-xray-recorder-sdk-core\2.14.0\aws-xray-recorder-sdk-core-2.14.0.jar;C:\Users\S Sai Manideep\.m2\repository\com\amazonaws\aws-java-sdk-xray\1.12.228\aws-java-sdk-xray-1.12.228.jar;C:\Users\S Sai Manideep\.m2\repository\com\amazonaws\aws-java-sdk-core\1.12.228\aws-java-sdk-core-1.12.228.jar;C:\Users\S Sai Manideep\.m2\repository\software\amazon\ion\ion-java\1.0.2\ion-java-1.0.2.jar;C:\Users\S Sai Manideep\.m2\repository\com\fasterxml\jackson\dataformat\jackson-dataformat-cbor\2.15.0\jackson-dataformat-cbor-2.15.0.jar;C:\Users\S Sai Manideep\.m2\repository\joda-time\joda-time\2.8.1\joda-time-2.8.1.jar;C:\Users\S Sai Manideep\.m2\repository\com\amazonaws\jmespath-java\1.12.228\jmespath-java-1.12.228.jar;C:\Users\S Sai Manideep\.m2\repository\com\amazonaws\aws-xray-recorder-sdk-spring\2.11.0\aws-xray-recorder-sdk-spring-2.11.0.jar;C:\Users\S Sai Manideep\.m2\repository\org\aspectj\aspectjrt\1.9.19\aspectjrt-1.9.19.jar;C:\Users\S Sai Manideep\.m2\repository\org\springframework\spring-context-support\6.0.9\spring-context-support-6.0.9.jar;C:\Users\S Sai Manideep\.m2\repository\org\springframework\boot\spring-boot-starter-aop\2.5.2\spring-boot-starter-aop-2.5.2.jar;C:\Users\S Sai Manideep\.m2\repository\org\springframework\spring-aop\6.0.9\spring-aop-6.0.9.jar;C:\Users\S Sai Manideep\.m2\repository\org\aspectj\aspectjweaver\1.9.19\aspectjweaver-1.9.19.jar;"/>
    <property name="java.vm.vendor" value="Oracle Corporation"/>
    <property name="sun.arch.data.model" value="64"/>
    <property name="user.variant" value=""/>
    <property name="java.vendor.url" value="https://java.oracle.com/"/>
    <property name="user.timezone" value="America/New_York"/>
    <property name="org.jboss.logging.provider" value="slf4j"/>
    <property name="os.name" value="Windows 11"/>
    <property name="java.vm.specification.version" value="17"/>
    <property name="sun.java.launcher" value="SUN_STANDARD"/>
    <property name="user.country" value="IN"/>
    <property name="sun.boot.library.path" value="D:\JAVA\bin"/>
    <property name="sun.java.command" value="C:\Users\S Sai Manideep\AppData\Local\Temp\surefire9105139196344572277\surefirebooter-20241203214524982_3.jar C:\Users\S Sai Manideep\AppData\Local\Temp\surefire9105139196344572277 2024-12-03T21-45-24_614-jvmRun1 surefire-20241203214524982_1tmp surefire_0-20241203214524982_2tmp"/>
    <property name="jdk.debug" value="release"/>
    <property name="surefire.test.class.path" value="D:\CloudWatch\Producer-ConsumerBackend\Producer-ConsumerBackend\backend-service\target\test-classes;D:\CloudWatch\Producer-ConsumerBackend\Producer-ConsumerBackend\backend-service\target\classes;C:\Users\S Sai Manideep\.m2\repository\org\springframework\boot\spring-boot-starter-web\3.1.0\spring-boot-starter-web-3.1.0.jar;C:\Users\S Sai Manideep\.m2\repository\org\springframework\boot\spring-boot-starter\3.1.0\spring-boot-starter-3.1.0.jar;C:\Users\S Sai Manideep\.m2\repository\org\springframework\boot\spring-boot\3.1.0\spring-boot-3.1.0.jar;C:\Users\S Sai Manideep\.m2\repository\org\springframework\boot\spring-boot-autoconfigure\3.1.0\spring-boot-autoconfigure-3.1.0.jar;C:\Users\S Sai Manideep\.m2\repository\org\springframework\boot\spring-boot-starter-logging\3.1.0\spring-boot-starter-logging-3.1.0.jar;C:\Users\S Sai Manideep\.m2\repository\org\apache\logging\log4j\log4j-to-slf4j\2.20.0\log4j-to-slf4j-2.20.0.jar;C:\Users\S Sai Manideep\.m2\repository\org\apache\logging\log4j\log4j-api\2.20.0\log4j-api-2.20.0.jar;C:\Users\S Sai Manideep\.m2\repository\org\slf4j\jul-to-slf4j\2.0.7\jul-to-slf4j-2.0.7.jar;C:\Users\S Sai Manideep\.m2\repository\jakarta\annotation\jakarta.annotation-api\2.1.1\jakarta.annotation-api-2.1.1.jar;C:\Users\S Sai Manideep\.m2\repository\org\yaml\snakeyaml\1.33\snakeyaml-1.33.jar;C:\Users\S Sai Manideep\.m2\repository\org\springframework\boot\spring-boot-starter-json\3.1.0\spring-boot-starter-json-3.1.0.jar;C:\Users\S Sai Manideep\.m2\repository\com\fasterxml\jackson\datatype\jackson-datatype-jdk8\2.15.0\jackson-datatype-jdk8-2.15.0.jar;C:\Users\S Sai Manideep\.m2\repository\com\fasterxml\jackson\datatype\jackson-datatype-jsr310\2.15.0\jackson-datatype-jsr310-2.15.0.jar;C:\Users\S Sai Manideep\.m2\repository\com\fasterxml\jackson\module\jackson-module-parameter-names\2.15.0\jackson-module-parameter-names-2.15.0.jar;C:\Users\S Sai Manideep\.m2\repository\org\springframework\boot\spring-boot-starter-tomcat\3.1.0\spring-boot-starter-tomcat-3.1.0.jar;C:\Users\S Sai Manideep\.m2\repository\org\apache\tomcat\embed\tomcat-embed-core\10.1.8\tomcat-embed-core-10.1.8.jar;C:\Users\S Sai Manideep\.m2\repository\org\apache\tomcat\embed\tomcat-embed-el\10.1.8\tomcat-embed-el-10.1.8.jar;C:\Users\S Sai Manideep\.m2\repository\org\apache\tomcat\embed\tomcat-embed-websocket\10.1.8\tomcat-embed-websocket-10.1.8.jar;C:\Users\S Sai Manideep\.m2\repository\org\springframework\spring-web\6.0.9\spring-web-6.0.9.jar;C:\Users\S Sai Manideep\.m2\repository\org\springframework\spring-beans\6.0.9\spring-beans-6.0.9.jar;C:\Users\S Sai Manideep\.m2\repository\org\springframework\spring-webmvc\6.0.9\spring-webmvc-6.0.9.jar;C:\Users\S Sai Manideep\.m2\repository\org\springframework\spring-expression\6.0.9\spring-expression-6.0.9.jar;C:\Users\S Sai Manideep\.m2\repository\org\springframework\boot\spring-boot-starter-webflux\3.1.0\spring-boot-starter-webflux-3.1.0.jar;C:\Users\S Sai Manideep\.m2\repository\org\springframework\boot\spring-boot-starter-reactor-netty\3.1.0\spring-boot-starter-reactor-netty-3.1.0.jar;C:\Users\S Sai Manideep\.m2\repository\io\projectreactor\netty\reactor-netty-http\1.1.7\reactor-netty-http-1.1.7.jar;C:\Users\S Sai Manideep\.m2\repository\io\netty\netty-codec-http\4.1.92.Final\netty-codec-http-4.1.92.Final.jar;C:\Users\S Sai Manideep\.m2\repository\io\netty\netty-codec-http2\4.1.92.Final\netty-codec-http2-4.1.92.Final.jar;C:\Users\S Sai Manideep\.m2\repository\io\netty\netty-resolver-dns\4.1.92.Final\netty-resolver-dns-4.1.92.Final.jar;C:\Users\S Sai Manideep\.m2\repository\io\netty\netty-codec-dns\4.1.92.Final\netty-codec-dns-4.1.92.Final.jar;C:\Users\S Sai Manideep\.m2\repository\io\netty\netty-resolver-dns-native-macos\4.1.92.Final\netty-resolver-dns-native-macos-4.1.92.Final-osx-x86_64.jar;C:\Users\S Sai Manideep\.m2\repository\io\netty\netty-resolver-dns-classes-macos\4.1.92.Final\netty-resolver-dns-classes-macos-4.1.92.Final.jar;C:\Users\S Sai Manideep\.m2\repository\io\netty\netty-transport-native-epoll\4.1.92.Final\netty-transport-native-epoll-4.1.92.Final-linux-x86_64.jar;C:\Users\S Sai Manideep\.m2\repository\io\projectreactor\netty\reactor-netty-core\1.1.7\reactor-netty-core-1.1.7.jar;C:\Users\S Sai Manideep\.m2\repository\io\netty\netty-handler-proxy\4.1.92.Final\netty-handler-proxy-4.1.92.Final.jar;C:\Users\S Sai Manideep\.m2\repository\io\netty\netty-codec-socks\4.1.92.Final\netty-codec-socks-4.1.92.Final.jar;C:\Users\S Sai Manideep\.m2\repository\org\springframework\spring-webflux\6.0.9\spring-webflux-6.0.9.jar;C:\Users\S Sai Manideep\.m2\repository\io\projectreactor\reactor-core\3.5.6\reactor-core-3.5.6.jar;C:\Users\S Sai Manideep\.m2\repository\org\reactivestreams\reactive-streams\1.0.4\reactive-streams-1.0.4.jar;C:\Users\S Sai Manideep\.m2\repository\org\springframework\boot\spring-boot-starter-data-jpa\3.1.0\spring-boot-starter-data-jpa-3.1.0.jar;C:\Users\S Sai Manideep\.m2\repository\org\springframework\boot\spring-boot-starter-jdbc\3.1.0\spring-boot-starter-jdbc-3.1.0.jar;C:\Users\S Sai Manideep\.m2\repository\com\zaxxer\HikariCP\5.0.1\HikariCP-5.0.1.jar;C:\Users\S Sai Manideep\.m2\repository\org\springframework\spring-jdbc\6.0.9\spring-jdbc-6.0.9.jar;C:\Users\S Sai Manideep\.m2\repository\org\hibernate\orm\hibernate-core\6.2.2.Final\hibernate-core-6.2.2.Final.jar;C:\Users\S Sai Manideep\.m2\repository\jakarta\persistence\jakarta.persistence-api\3.1.0\jakarta.persistence-api-3.1.0.jar;C:\Users\S Sai Manideep\.m2\repository\jakarta\transaction\jakarta.transaction-api\2.0.1\jakarta.transaction-api-2.0.1.jar;C:\Users\S Sai Manideep\.m2\repository\org\jboss\logging\jboss-logging\3.5.0.Final\jboss-logging-3.5.0.Final.jar;C:\Users\S Sai Manideep\.m2\repository\org\hibernate\common\hibernate-commons-annotations\6.0.6.Final\hibernate-commons-annotations-6.0.6.Final.jar;C:\Users\S Sai Manideep\.m2\repository\io\smallrye\jandex\3.0.5\jandex-3.0.5.jar;C:\Users\S Sai Manideep\.m2\repository\net\bytebuddy\byte-buddy\1.14.4\byte-buddy-1.14.4.jar;C:\Users\S Sai Manideep\.m2\repository\org\glassfish\jaxb\jaxb-runtime\4.0.2\jaxb-runtime-4.0.2.jar;C:\Users\S Sai Manideep\.m2\repository\org\glassfish\jaxb\jaxb-core\4.0.2\jaxb-core-4.0.2.jar;C:\Users\S Sai Manideep\.m2\repository\org\eclipse\angus\angus-activation\2.0.0\angus-activation-2.0.0.jar;C:\Users\S Sai Manideep\.m2\repository\org\glassfish\jaxb\txw2\4.0.2\txw2-4.0.2.jar;C:\Users\S Sai Manideep\.m2\repository\com\sun\istack\istack-commons-runtime\4.1.1\istack-commons-runtime-4.1.1.jar;C:\Users\S Sai Manideep\.m2\repository\jakarta\inject\jakarta.inject-api\2.0.1\jakarta.inject-api-2.0.1.jar;C:\Users\S Sai Manideep\.m2\repository\org\antlr\antlr4-runtime\4.10.1\antlr4-runtime-4.10.1.jar;C:\Users\S Sai Manideep\.m2\repository\org\springframework\data\spring-data-jpa\3.1.0\spring-data-jpa-3.1.0.jar;C:\Users\S Sai Manideep\.m2\repository\org\springframework\data\spring-data-commons\3.1.0\spring-data-commons-3.1.0.jar;C:\Users\S Sai Manideep\.m2\repository\org\springframework\spring-orm\6.0.9\spring-orm-6.0.9.jar;C:\Users\S Sai Manideep\.m2\repository\org\springframework\spring-aspects\6.0.9\spring-aspects-6.0.9.jar;C:\Users\S Sai Manideep\.m2\repository\org\springframework\cloud\spring-cloud-starter-loadbalancer\4.0.3\spring-cloud-starter-loadbalancer-4.0.3.jar;C:\Users\S Sai Manideep\.m2\repository\org\springframework\cloud\spring-cloud-starter\4.0.3\spring-cloud-starter-4.0.3.jar;C:\Users\S Sai Manideep\.m2\repository\org\springframework\cloud\spring-cloud-context\4.0.3\spring-cloud-context-4.0.3.jar;C:\Users\S Sai Manideep\.m2\repository\org\springframework\security\spring-security-crypto\6.1.0\spring-security-crypto-6.1.0.jar;C:\Users\S Sai Manideep\.m2\repository\org\springframework\cloud\spring-cloud-commons\4.0.3\spring-cloud-commons-4.0.3.jar;C:\Users\S Sai Manideep\.m2\repository\org\springframework\security\spring-security-rsa\1.0.11.RELEASE\spring-security-rsa-1.0.11.RELEASE.jar;C:\Users\S Sai Manideep\.m2\repository\org\bouncycastle\bcpkix-jdk15on\1.69\bcpkix-jdk15on-1.69.jar;C:\Users\S Sai Manideep\.m2\repository\org\bouncycastle\bcprov-jdk15on\1.69\bcprov-jdk15on-1.69.jar;C:\Users\S Sai Manideep\.m2\repository\org\bouncycastle\bcutil-jdk15on\1.69\bcutil-jdk15on-1.69.jar;C:\Users\S Sai Manideep\.m2\repository\org\springframework\cloud\spring-cloud-loadbalancer\4.0.3\spring-cloud-loadbalancer-4.0.3.jar;C:\Users\S Sai Manideep\.m2\repository\io\projectreactor\addons\reactor-extra\3.5.1\reactor-extra-3.5.1.jar;C:\Users\S Sai Manideep\.m2\repository\org\springframework\boot\spring-boot-starter-cache\3.1.0\spring-boot-starter-cache-3.1.0.jar;C:\Users\S Sai Manideep\.m2\repository\com\stoyanr\evictor\1.0.0\evictor-1.0.0.jar;C:\Users\S Sai Manideep\.m2\repository\net\logstash\logback\logstash-logback-encoder\7.4\logstash-logback-encoder-7.4.jar;C:\Users\S Sai Manideep\.m2\repository\com\fasterxml\jackson\core\jackson-databind\2.15.0\jackson-databind-2.15.0.jar;C:\Users\S Sai Manideep\.m2\repository\org\springframework\boot\spring-boot-starter-actuator\3.1.0\spring-boot-starter-actuator-3.1.0.jar;C:\Users\S Sai Manideep\.m2\repository\org\springframework\boot\spring-boot-actuator-autoconfigure\3.1.0\spring-boot-actuator-autoconfigure-3.1.0.jar;C:\Users\S Sai Manideep\.m2\repository\org\springframework\boot\spring-boot-actuator\3.1.0\spring-boot-actuator-3.1.0.jar;C:\Users\S Sai Manideep\.m2\repository\io\micrometer\micrometer-observation\1.11.0\micrometer-observation-1.11.0.jar;C:\Users\S Sai Manideep\.m2\repository\io\micrometer\micrometer-commons\1.11.0\micrometer-commons-1.11.0.jar;C:\Users\S Sai Manideep\.m2\repository\io\micrometer\micrometer-core\1.11.0\micrometer-core-1.11.0.jar;C:\Users\S Sai Manideep\.m2\repository\org\hdrhistogram\HdrHistogram\2.1.12\HdrHistogram-2.1.12.jar;C:\Users\S Sai Manideep\.m2\repository\org\latencyutils\LatencyUtils\2.0.3\LatencyUtils-2.0.3.jar;C:\Users\S Sai Manideep\.m2\repository\com\mysql\mysql-connector-j\8.0.31\mysql-connector-j-8.0.31.jar;C:\Users\S Sai Manideep\.m2\repository\com\microsoft\sqlserver\mssql-jdbc\10.2.0.jre11\mssql-jdbc-10.2.0.jre11.jar;C:\Users\S Sai Manideep\.m2\repository\org\springframework\boot\spring-boot-starter-thymeleaf\3.1.0\spring-boot-starter-thymeleaf-3.1.0.jar;C:\Users\S Sai Manideep\.m2\repository\org\thymeleaf\thymeleaf-spring6\3.1.1.RELEASE\thymeleaf-spring6-3.1.1.RELEASE.jar;C:\Users\S Sai Manideep\.m2\repository\org\thymeleaf\thymeleaf\3.1.1.RELEASE\thymeleaf-3.1.1.RELEASE.jar;C:\Users\S Sai Manideep\.m2\repository\org\attoparser\attoparser\2.0.6.RELEASE\attoparser-2.0.6.RELEASE.jar;C:\Users\S Sai Manideep\.m2\repository\org\unbescape\unbescape\1.1.6.RELEASE\unbescape-1.1.6.RELEASE.jar;C:\Users\S Sai Manideep\.m2\repository\com\google\guava\guava\28.1-jre\guava-28.1-jre.jar;C:\Users\S Sai Manideep\.m2\repository\com\google\guava\failureaccess\1.0.1\failureaccess-1.0.1.jar;C:\Users\S Sai Manideep\.m2\repository\com\google\guava\listenablefuture\9999.0-empty-to-avoid-conflict-with-guava\listenablefuture-9999.0-empty-to-avoid-conflict-with-guava.jar;C:\Users\S Sai Manideep\.m2\repository\com\google\code\findbugs\jsr305\3.0.2\jsr305-3.0.2.jar;C:\Users\S Sai Manideep\.m2\repository\org\checkerframework\checker-qual\2.8.1\checker-qual-2.8.1.jar;C:\Users\S Sai Manideep\.m2\repository\com\google\errorprone\error_prone_annotations\2.3.2\error_prone_annotations-2.3.2.jar;C:\Users\S Sai Manideep\.m2\repository\com\google\j2objc\j2objc-annotations\1.3\j2objc-annotations-1.3.jar;C:\Users\S Sai Manideep\.m2\repository\org\codehaus\mojo\animal-sniffer-annotations\1.18\animal-sniffer-annotations-1.18.jar;C:\Users\S Sai Manideep\.m2\repository\org\projectlombok\lombok\1.18.20\lombok-1.18.20.jar;C:\Users\S Sai Manideep\.m2\repository\org\springframework\boot\spring-boot-starter-test\3.1.0\spring-boot-starter-test-3.1.0.jar;C:\Users\S Sai Manideep\.m2\repository\org\springframework\boot\spring-boot-test\3.1.0\spring-boot-test-3.1.0.jar;C:\Users\S Sai Manideep\.m2\repository\org\springframework\boot\spring-boot-test-autoconfigure\3.1.0\spring-boot-test-autoconfigure-3.1.0.jar;C:\Users\S Sai Manideep\.m2\repository\com\jayway\jsonpath\json-path\2.8.0\json-path-2.8.0.jar;C:\Users\S Sai Manideep\.m2\repository\jakarta\xml\bind\jakarta.xml.bind-api\4.0.0\jakarta.xml.bind-api-4.0.0.jar;C:\Users\S Sai Manideep\.m2\repository\jakarta\activation\jakarta.activation-api\2.1.2\jakarta.activation-api-2.1.2.jar;C:\Users\S Sai Manideep\.m2\repository\net\minidev\json-smart\2.4.10\json-smart-2.4.10.jar;C:\Users\S Sai Manideep\.m2\repository\net\minidev\accessors-smart\2.4.9\accessors-smart-2.4.9.jar;C:\Users\S Sai Manideep\.m2\repository\org\ow2\asm\asm\9.3\asm-9.3.jar;C:\Users\S Sai Manideep\.m2\repository\org\assertj\assertj-core\3.24.2\assertj-core-3.24.2.jar;C:\Users\S Sai Manideep\.m2\repository\org\hamcrest\hamcrest\2.2\hamcrest-2.2.jar;C:\Users\S Sai Manideep\.m2\repository\org\junit\jupiter\junit-jupiter\5.9.3\junit-jupiter-5.9.3.jar;C:\Users\S Sai Manideep\.m2\repository\org\junit\jupiter\junit-jupiter-params\5.9.3\junit-jupiter-params-5.9.3.jar;C:\Users\S Sai Manideep\.m2\repository\org\junit\jupiter\junit-jupiter-engine\5.9.3\junit-jupiter-engine-5.9.3.jar;C:\Users\S Sai Manideep\.m2\repository\org\mockito\mockito-core\4.8.1\mockito-core-4.8.1.jar;C:\Users\S Sai Manideep\.m2\repository\net\bytebuddy\byte-buddy-agent\1.14.4\byte-buddy-agent-1.14.4.jar;C:\Users\S Sai Manideep\.m2\repository\org\objenesis\objenesis\3.2\objenesis-3.2.jar;C:\Users\S Sai Manideep\.m2\repository\org\mockito\mockito-junit-jupiter\4.8.1\mockito-junit-jupiter-4.8.1.jar;C:\Users\S Sai Manideep\.m2\repository\org\skyscreamer\jsonassert\1.5.1\jsonassert-1.5.1.jar;C:\Users\S Sai Manideep\.m2\repository\com\vaadin\external\google\android-json\0.0.20131108.vaadin1\android-json-0.0.20131108.vaadin1.jar;C:\Users\S Sai Manideep\.m2\repository\org\springframework\spring-core\6.0.9\spring-core-6.0.9.jar;C:\Users\S Sai Manideep\.m2\repository\org\springframework\spring-jcl\6.0.9\spring-jcl-6.0.9.jar;C:\Users\S Sai Manideep\.m2\repository\org\springframework\spring-test\6.0.9\spring-test-6.0.9.jar;C:\Users\S Sai Manideep\.m2\repository\org\xmlunit\xmlunit-core\2.9.1\xmlunit-core-2.9.1.jar;C:\Users\S Sai Manideep\.m2\repository\org\springframework\kafka\spring-kafka\3.0.7\spring-kafka-3.0.7.jar;C:\Users\S Sai Manideep\.m2\repository\org\springframework\spring-context\6.0.9\spring-context-6.0.9.jar;C:\Users\S Sai Manideep\.m2\repository\org\springframework\spring-messaging\6.0.9\spring-messaging-6.0.9.jar;C:\Users\S Sai Manideep\.m2\repository\org\springframework\spring-tx\6.0.9\spring-tx-6.0.9.jar;C:\Users\S Sai Manideep\.m2\repository\org\springframework\retry\spring-retry\2.0.1\spring-retry-2.0.1.jar;C:\Users\S Sai Manideep\.m2\repository\org\apache\kafka\kafka-clients\3.4.0\kafka-clients-3.4.0.jar;C:\Users\S Sai Manideep\.m2\repository\com\github\luben\zstd-jni\1.5.2-1\zstd-jni-1.5.2-1.jar;C:\Users\S Sai Manideep\.m2\repository\org\lz4\lz4-java\1.8.0\lz4-java-1.8.0.jar;C:\Users\S Sai Manideep\.m2\repository\org\xerial\snappy\snappy-java\1.1.8.4\snappy-java-1.1.8.4.jar;C:\Users\S Sai Manideep\.m2\repository\org\springframework\kafka\spring-kafka-test\3.0.7\spring-kafka-test-3.0.7.jar;C:\Users\S Sai Manideep\.m2\repository\org\apache\zookeeper\zookeeper\3.6.3\zookeeper-3.6.3.jar;C:\Users\S Sai Manideep\.m2\repository\org\apache\zookeeper\zookeeper-jute\3.6.3\zookeeper-jute-3.6.3.jar;C:\Users\S Sai Manideep\.m2\repository\org\apache\yetus\audience-annotations\0.5.0\audience-annotations-0.5.0.jar;C:\Users\S Sai Manideep\.m2\repository\io\netty\netty-handler\4.1.92.Final\netty-handler-4.1.92.Final.jar;C:\Users\S Sai Manideep\.m2\repository\io\netty\netty-common\4.1.92.Final\netty-common-4.1.92.Final.jar;C:\Users\S Sai Manideep\.m2\repository\io\netty\netty-resolver\4.1.92.Final\netty-resolver-4.1.92.Final.jar;C:\Users\S Sai Manideep\.m2\repository\io\netty\netty-buffer\4.1.92.Final\netty-buffer-4.1.92.Final.jar;C:\Users\S Sai Manideep\.m2\repository\io\netty\netty-transport\4.1.92.Final\netty-transport-4.1.92.Final.jar;C:\Users\S Sai Manideep\.m2\repository\io\netty\netty-transport-native-unix-common\4.1.92.Final\netty-transport-native-unix-common-4.1.92.Final.jar;C:\Users\S Sai Manideep\.m2\repository\io\netty\netty-codec\4.1.92.Final\netty-codec-4.1.92.Final.jar;C:\Users\S Sai Manideep\.m2\repository\io\netty\netty-transport-native-epoll\4.1.92.Final\netty-transport-native-epoll-4.1.92.Final.jar;C:\Users\S Sai Manideep\.m2\repository\io\netty\netty-transport-classes-epoll\4.1.92.Final\netty-transport-classes-epoll-4.1.92.Final.jar;C:\Users\S Sai Manideep\.m2\repository\org\apache\kafka\kafka-clients\3.4.0\kafka-clients-3.4.0-test.jar;C:\Users\S Sai Manideep\.m2\repository\org\apache\kafka\kafka-metadata\3.4.0\kafka-metadata-3.4.0.jar;C:\Users\S Sai Manideep\.m2\repository\org\apache\kafka\kafka-server-common\3.4.0\kafka-server-common-3.4.0.jar;C:\Users\S Sai Manideep\.m2\repository\org\apache\kafka\kafka-raft\3.4.0\kafka-raft-3.4.0.jar;C:\Users\S Sai Manideep\.m2\repository\com\yammer\metrics\metrics-core\2.2.0\metrics-core-2.2.0.jar;C:\Users\S Sai Manideep\.m2\repository\org\apache\kafka\kafka-streams-test-utils\3.4.0\kafka-streams-test-utils-3.4.0.jar;C:\Users\S Sai Manideep\.m2\repository\org\apache\kafka\kafka-streams\3.4.0\kafka-streams-3.4.0.jar;C:\Users\S Sai Manideep\.m2\repository\org\rocksdb\rocksdbjni\7.1.2\rocksdbjni-7.1.2.jar;C:\Users\S Sai Manideep\.m2\repository\org\apache\kafka\kafka_2.13\3.4.0\kafka_2.13-3.4.0.jar;C:\Users\S Sai Manideep\.m2\repository\org\scala-lang\scala-library\2.13.10\scala-library-2.13.10.jar;C:\Users\S Sai Manideep\.m2\repository\org\apache\kafka\kafka-group-coordinator\3.4.0\kafka-group-coordinator-3.4.0.jar;C:\Users\S Sai Manideep\.m2\repository\org\apache\kafka\kafka-storage\3.4.0\kafka-storage-3.4.0.jar;C:\Users\S Sai Manideep\.m2\repository\org\apache\kafka\kafka-storage-api\3.4.0\kafka-storage-api-3.4.0.jar;C:\Users\S Sai Manideep\.m2\repository\net\sourceforge\argparse4j\argparse4j\0.7.0\argparse4j-0.7.0.jar;C:\Users\S Sai Manideep\.m2\repository\com\fasterxml\jackson\module\jackson-module-scala_2.13\2.15.0\jackson-module-scala_2.13-2.15.0.jar;C:\Users\S Sai Manideep\.m2\repository\com\thoughtworks\paranamer\paranamer\2.8\paranamer-2.8.jar;C:\Users\S Sai Manideep\.m2\repository\com\fasterxml\jackson\dataformat\jackson-dataformat-csv\2.15.0\jackson-dataformat-csv-2.15.0.jar;C:\Users\S Sai Manideep\.m2\repository\net\sf\jopt-simple\jopt-simple\5.0.4\jopt-simple-5.0.4.jar;C:\Users\S Sai Manideep\.m2\repository\org\bitbucket\b_c\jose4j\0.7.9\jose4j-0.7.9.jar;C:\Users\S Sai Manideep\.m2\repository\org\scala-lang\modules\scala-collection-compat_2.13\2.6.0\scala-collection-compat_2.13-2.6.0.jar;C:\Users\S Sai Manideep\.m2\repository\org\scala-lang\modules\scala-java8-compat_2.13\1.0.2\scala-java8-compat_2.13-1.0.2.jar;C:\Users\S Sai Manideep\.m2\repository\org\scala-lang\scala-reflect\2.13.10\scala-reflect-2.13.10.jar;C:\Users\S Sai Manideep\.m2\repository\com\typesafe\scala-logging\scala-logging_2.13\3.9.4\scala-logging_2.13-3.9.4.jar;C:\Users\S Sai Manideep\.m2\repository\io\dropwizard\metrics\metrics-core\4.2.18\metrics-core-4.2.18.jar;C:\Users\S Sai Manideep\.m2\repository\commons-cli\commons-cli\1.4\commons-cli-1.4.jar;C:\Users\S Sai Manideep\.m2\repository\org\apache\kafka\kafka_2.13\3.4.0\kafka_2.13-3.4.0-test.jar;C:\Users\S Sai Manideep\.m2\repository\org\junit\jupiter\junit-jupiter-api\5.9.3\junit-jupiter-api-5.9.3.jar;C:\Users\S Sai Manideep\.m2\repository\org\opentest4j\opentest4j\1.2.0\opentest4j-1.2.0.jar;C:\Users\S Sai Manideep\.m2\repository\org\junit\platform\junit-platform-commons\1.9.3\junit-platform-commons-1.9.3.jar;C:\Users\S Sai Manideep\.m2\repository\org\apiguardian\apiguardian-api\1.1.2\apiguardian-api-1.1.2.jar;C:\Users\S Sai Manideep\.m2\repository\org\junit\platform\junit-platform-launcher\1.9.3\junit-platform-launcher-1.9.3.jar;C:\Users\S Sai Manideep\.m2\repository\org\junit\platform\junit-platform-engine\1.9.3\junit-platform-engine-1.9.3.jar;C:\Users\S Sai Manideep\.m2\repository\io\springfox\springfox-swagger-ui\3.0.0\springfox-swagger-ui-3.0.0.jar;C:\Users\S Sai Manideep\.m2\repository\io\springfox\springfox-spring-webmvc\3.0.0\springfox-spring-webmvc-3.0.0.jar;C:\Users\S Sai Manideep\.m2\repository\io\springfox\springfox-core\3.0.0\springfox-core-3.0.0.jar;C:\Users\S Sai Manideep\.m2\repository\io\springfox\springfox-swagger2\3.0.0\springfox-swagger2-3.0.0.jar;C:\Users\S Sai Manideep\.m2\repository\io\springfox\springfox-spi\3.0.0\springfox-spi-3.0.0.jar;C:\Users\S Sai Manideep\.m2\repository\io\springfox\springfox-schema\3.0.0\springfox-schema-3.0.0.jar;C:\Users\S Sai Manideep\.m2\repository\io\springfox\springfox-swagger-common\3.0.0\springfox-swagger-common-3.0.0.jar;C:\Users\S Sai Manideep\.m2\repository\io\swagger\core\v3\swagger-annotations\2.1.2\swagger-annotations-2.1.2.jar;C:\Users\S Sai Manideep\.m2\repository\io\springfox\springfox-spring-web\3.0.0\springfox-spring-web-3.0.0.jar;C:\Users\S Sai Manideep\.m2\repository\io\github\classgraph\classgraph\4.8.83\classgraph-4.8.83.jar;C:\Users\S Sai Manideep\.m2\repository\io\springfox\springfox-spring-webflux\3.0.0\springfox-spring-webflux-3.0.0.jar;C:\Users\S Sai Manideep\.m2\repository\com\fasterxml\classmate\1.5.1\classmate-1.5.1.jar;C:\Users\S Sai Manideep\.m2\repository\org\springframework\plugin\spring-plugin-core\2.0.0.RELEASE\spring-plugin-core-2.0.0.RELEASE.jar;C:\Users\S Sai Manideep\.m2\repository\org\springframework\plugin\spring-plugin-metadata\2.0.0.RELEASE\spring-plugin-metadata-2.0.0.RELEASE.jar;C:\Users\S Sai Manideep\.m2\repository\io\swagger\swagger-annotations\1.5.20\swagger-annotations-1.5.20.jar;C:\Users\S Sai Manideep\.m2\repository\io\swagger\swagger-models\1.5.20\swagger-models-1.5.20.jar;C:\Users\S Sai Manideep\.m2\repository\junit\junit\4.13.2\junit-4.13.2.jar;C:\Users\S Sai Manideep\.m2\repository\org\hamcrest\hamcrest-core\2.2\hamcrest-core-2.2.jar;C:\Users\S Sai Manideep\.m2\repository\io\micrometer\micrometer-registry-prometheus\1.11.0\micrometer-registry-prometheus-1.11.0.jar;C:\Users\S Sai Manideep\.m2\repository\io\prometheus\simpleclient_common\0.16.0\simpleclient_common-0.16.0.jar;C:\Users\S Sai Manideep\.m2\repository\io\prometheus\simpleclient\0.16.0\simpleclient-0.16.0.jar;C:\Users\S Sai Manideep\.m2\repository\io\prometheus\simpleclient_tracer_otel\0.16.0\simpleclient_tracer_otel-0.16.0.jar;C:\Users\S Sai Manideep\.m2\repository\io\prometheus\simpleclient_tracer_common\0.16.0\simpleclient_tracer_common-0.16.0.jar;C:\Users\S Sai Manideep\.m2\repository\io\prometheus\simpleclient_tracer_otel_agent\0.16.0\simpleclient_tracer_otel_agent-0.16.0.jar;C:\Users\S Sai Manideep\.m2\repository\org\mapstruct\mapstruct\1.5.3.Final\mapstruct-1.5.3.Final.jar;C:\Users\S Sai Manideep\.m2\repository\org\apache\httpcomponents\httpclient\4.5.14\httpclient-4.5.14.jar;C:\Users\S Sai Manideep\.m2\repository\org\apache\httpcomponents\httpcore\4.4.16\httpcore-4.4.16.jar;C:\Users\S Sai Manideep\.m2\repository\commons-logging\commons-logging\1.2\commons-logging-1.2.jar;C:\Users\S Sai Manideep\.m2\repository\commons-codec\commons-codec\1.15\commons-codec-1.15.jar;C:\Users\S Sai Manideep\.m2\repository\com\google\code\gson\gson\2.10\gson-2.10.jar;C:\Users\S Sai Manideep\.m2\repository\org\json\json\20230227\json-20230227.jar;C:\Users\S Sai Manideep\.m2\repository\org\slf4j\slf4j-api\2.0.9\slf4j-api-2.0.9.jar;C:\Users\S Sai Manideep\.m2\repository\ch\qos\logback\logback-classic\1.4.7\logback-classic-1.4.7.jar;C:\Users\S Sai Manideep\.m2\repository\ch\qos\logback\logback-core\1.4.7\logback-core-1.4.7.jar;C:\Users\S Sai Manideep\.m2\repository\jakarta\servlet\jakarta.servlet-api\5.0.0\jakarta.servlet-api-5.0.0.jar;C:\Users\S Sai Manideep\.m2\repository\com\fasterxml\jackson\dataformat\jackson-dataformat-xml\2.15.0\jackson-dataformat-xml-2.15.0.jar;C:\Users\S Sai Manideep\.m2\repository\com\fasterxml\jackson\core\jackson-core\2.15.0\jackson-core-2.15.0.jar;C:\Users\S Sai Manideep\.m2\repository\com\fasterxml\jackson\core\jackson-annotations\2.15.0\jackson-annotations-2.15.0.jar;C:\Users\S Sai Manideep\.m2\repository\org\codehaus\woodstox\stax2-api\4.2.1\stax2-api-4.2.1.jar;C:\Users\S Sai Manideep\.m2\repository\com\fasterxml\woodstox\woodstox-core\6.5.1\woodstox-core-6.5.1.jar;C:\Users\S Sai Manideep\.m2\repository\com\amazonaws\aws-xray-recorder-sdk-core\2.14.0\aws-xray-recorder-sdk-core-2.14.0.jar;C:\Users\S Sai Manideep\.m2\repository\com\amazonaws\aws-java-sdk-xray\1.12.228\aws-java-sdk-xray-1.12.228.jar;C:\Users\S Sai Manideep\.m2\repository\com\amazonaws\aws-java-sdk-core\1.12.228\aws-java-sdk-core-1.12.228.jar;C:\Users\S Sai Manideep\.m2\repository\software\amazon\ion\ion-java\1.0.2\ion-java-1.0.2.jar;C:\Users\S Sai Manideep\.m2\repository\com\fasterxml\jackson\dataformat\jackson-dataformat-cbor\2.15.0\jackson-dataformat-cbor-2.15.0.jar;C:\Users\S Sai Manideep\.m2\repository\joda-time\joda-time\2.8.1\joda-time-2.8.1.jar;C:\Users\S Sai Manideep\.m2\repository\com\amazonaws\jmespath-java\1.12.228\jmespath-java-1.12.228.jar;C:\Users\S Sai Manideep\.m2\repository\com\amazonaws\aws-xray-recorder-sdk-spring\2.11.0\aws-xray-recorder-sdk-spring-2.11.0.jar;C:\Users\S Sai Manideep\.m2\repository\org\aspectj\aspectjrt\1.9.19\aspectjrt-1.9.19.jar;C:\Users\S Sai Manideep\.m2\repository\org\springframework\spring-context-support\6.0.9\spring-context-support-6.0.9.jar;C:\Users\S Sai Manideep\.m2\repository\org\springframework\boot\spring-boot-starter-aop\2.5.2\spring-boot-starter-aop-2.5.2.jar;C:\Users\S Sai Manideep\.m2\repository\org\springframework\spring-aop\6.0.9\spring-aop-6.0.9.jar;C:\Users\S Sai Manideep\.m2\repository\org\aspectj\aspectjweaver\1.9.19\aspectjweaver-1.9.19.jar;"/>
    <property name="sun.cpu.endian" value="little"/>
    <property name="user.home" value="C:\Users\S Sai Manideep"/>
    <property name="user.language" value="en"/>
    <property name="java.specification.vendor" value="Oracle Corporation"/>
    <property name="java.version.date" value="2024-07-16"/>
    <property name="java.home" value="D:\JAVA"/>
    <property name="file.separator" value="\"/>
    <property name="basedir" value="D:\CloudWatch\Producer-ConsumerBackend\Producer-ConsumerBackend\backend-service"/>
    <property name="java.vm.compressedOopsMode" value="32-bit"/>
    <property name="line.separator" value="&#10;"/>
    <property name="java.vm.specification.vendor" value="Oracle Corporation"/>
    <property name="java.specification.name" value="Java Platform API Specification"/>
    <property name="FILE_LOG_CHARSET" value="windows-1252"/>
    <property name="java.awt.headless" value="true"/>
    <property name="surefire.real.class.path" value="C:\Users\S Sai Manideep\AppData\Local\Temp\surefire9105139196344572277\surefirebooter-20241203214524982_3.jar"/>
    <property name="user.script" value=""/>
    <property name="sun.management.compiler" value="HotSpot 64-Bit Tiered Compilers"/>
    <property name="java.runtime.version" value="17.0.12+8-LTS-286"/>
    <property name="user.name" value="S Sai Manideep"/>
    <property name="path.separator" value=";"/>
    <property name="os.version" value="10.0"/>
    <property name="java.runtime.name" value="Java(TM) SE Runtime Environment"/>
    <property name="file.encoding" value="Cp1252"/>
    <property name="java.vm.name" value="Java HotSpot(TM) 64-Bit Server VM"/>
    <property name="localRepository" value="C:\Users\S Sai Manideep\.m2\repository"/>
    <property name="java.vendor.url.bug" value="https://bugreport.java.com/bugreport/"/>
    <property name="java.io.tmpdir" value="C:\Users\SSAIMA~1\AppData\Local\Temp\"/>
    <property name="com.zaxxer.hikari.pool_number" value="1"/>
    <property name="java.version" value="17.0.12"/>
    <property name="user.dir" value="D:\CloudWatch\Producer-ConsumerBackend\Producer-ConsumerBackend\backend-service"/>
    <property name="os.arch" value="amd64"/>
    <property name="java.vm.specification.name" value="Java Virtual Machine Specification"/>
    <property name="PID" value="7344"/>
    <property name="sun.os.patch.level" value=""/>
    <property name="CONSOLE_LOG_CHARSET" value="windows-1252"/>
    <property name="native.encoding" value="Cp1252"/>
    <property name="java.library.path" value="D:\JAVA\bin;C:\WINDOWS\Sun\Java\bin;C:\WINDOWS\system32;C:\WINDOWS;C:\Python39\Scripts\;C:\Python39\;C:\Python312\Scripts\;C:\Python312\;C:\Users\S Sai Manideep\AppData\Local\Programs\Python\Python39\Scripts\;C:\Users\S Sai Manideep\AppData\Local\Programs\Python\Python39\;C:\Program Files\Common Files\Oracle\Java\javapath;C:\WINDOWS\system32;C:\WINDOWS;C:\WINDOWS\System32\Wbem;C:\WINDOWS\System32\WindowsPowerShell\v1.0\;C:\WINDOWS\System32\OpenSSH\;C:\ProgramData\chocolatey\bin;C:\Program Files\MongoDB\Server\5.0\bin;C:\Program Files\dotnet\;C:\ProgramData\DockerDesktop\version-bin;C:\Users\S Sai Manideep\AppData\Local\Programs\Python\Python311;C:\xampp\php;C:\Program Files\Java\jdk1.8.0_321\bin;C:\Program Files\Java\jdk1.8.0_321\bin;D:\Downloads\apache-maven-3.9.6-bin\apache-maven-3.9.6\bin;C:\Program Files\Java\jdk-17\bin;C:\Program Files\MySQL\MySQL Server 8.0\bin;D:\Git\cmd;D:\Kafka\kafka_2.13-3.8.0\bin;C:\Program Files (x86)\Windows Kits\10\Windows Performance Toolkit\;C:\Program Files\Docker\Docker\resources\bin;C:\Program Files\Amazon\AWSCLIV2\;D:\NodeJs\;D:\Xray\aws-xray-daemon-windows-process-3.x;C:\Program Files\Amazon\SessionManagerPlugin\bin\;C:\Users\S Sai Manideep\AppData\Local\Microsoft\WindowsApps;D:\visual\Microsoft VS Code\bin;C:\Users\S Sai Manideep\AppData\Local\Programs\Python\Python311\Scripts;C:\Users\S Sai Manideep\anaconda3;D:\JAVA\bin;;D:\JAVA\IntelliJ IDEA 2024.2.1\bin;;C:\Users\S Sai Manideep\AppData\Roaming\npm;."/>
    <property name="java.vm.info" value="mixed mode, sharing"/>
    <property name="java.vendor" value="Oracle Corporation"/>
    <property name="java.vm.version" value="17.0.12+8-LTS-286"/>
    <property name="sun.io.unicode.encoding" value="UnicodeLittle"/>
    <property name="java.class.version" value="61.0"/>
  </properties>
  <testcase name="contextLoads" classname="com.messagingservice.backendservice.DemoApplicationTests" time="0.476">
    <system-out><![CDATA[21:45:27.833 [main] INFO org.springframework.test.context.support.AnnotationConfigContextLoaderUtils -- Could not detect default configuration classes for test class [com.messagingservice.backendservice.DemoApplicationTests]: DemoApplicationTests does not declare any static, non-private, non-final, nested classes annotated with @Configuration.
21:45:28.808 [main] INFO org.springframework.boot.test.context.SpringBootTestContextBootstrapper -- Found @SpringBootConfiguration com.messagingservice.backendservice.MessagingServiceApplication for test class com.messagingservice.backendservice.DemoApplicationTests

  .   ____          _            __ _ _
 /\\ / ___'_ __ _ _(_)_ __  __ _ \ \ \ \
( ( )\___ | '_ | '_| | '_ \/ _` | \ \ \ \
 \\/  ___)| |_)| | | | | || (_| |  ) ) ) )
  '  |____| .__|_| |_|_| |_\__, | / / / /
 =========|_|==============|___/=/_/_/_/
 :: Spring Boot ::                (v3.1.0)

{"@timestamp":"2024-12-03T21:45:33.5748489-05:00","@version":"1","message":"\r\n\r\nFound multiple occurrences of org.json.JSONObject on the class path:\r\n\r\n\tjar:file:/C:/Users/S%20Sai%20Manideep/.m2/repository/com/vaadin/external/google/android-json/0.0.20131108.vaadin1/android-json-0.0.20131108.vaadin1.jar!/org/json/JSONObject.class\r\n\tjar:file:/C:/Users/S%20Sai%20Manideep/.m2/repository/org/json/json/20230227/json-20230227.jar!/org/json/JSONObject.class\r\n\r\nYou may wish to exclude one of them to ensure predictable runtime behavior\r\n","logger_name":"org.springframework.boot.test.json.DuplicateJsonObjectContextCustomizerFactory$DuplicateJsonObjectContextCustomizer","thread_name":"main","level":"WARN","level_value":30000,"service":"backend-service"}
{"@timestamp":"2024-12-03T21:45:33.6549817-05:00","@version":"1","message":"Starting DemoApplicationTests using Java 17.0.12 with PID 7344 (started by S Sai Manideep in D:\\CloudWatch\\Producer-ConsumerBackend\\Producer-ConsumerBackend\\backend-service)","logger_name":"com.messagingservice.backendservice.DemoApplicationTests","thread_name":"main","level":"INFO","level_value":20000,"service":"backend-service"}
{"@timestamp":"2024-12-03T21:45:33.6579808-05:00","@version":"1","message":"No active profile set, falling back to 1 default profile: \"default\"","logger_name":"com.messagingservice.backendservice.DemoApplicationTests","thread_name":"main","level":"INFO","level_value":20000,"service":"backend-service"}
{"@timestamp":"2024-12-03T21:45:37.5580786-05:00","@version":"1","message":"Bootstrapping Spring Data JPA repositories in DEFAULT mode.","logger_name":"org.springframework.data.repository.config.RepositoryConfigurationDelegate","thread_name":"main","level":"INFO","level_value":20000,"service":"backend-service"}
{"@timestamp":"2024-12-03T21:45:37.9424285-05:00","@version":"1","message":"Finished Spring Data repository scanning in 368 ms. Found 11 JPA repository interfaces.","logger_name":"org.springframework.data.repository.config.RepositoryConfigurationDelegate","thread_name":"main","level":"INFO","level_value":20000,"service":"backend-service"}
{"@timestamp":"2024-12-03T21:45:38.8734564-05:00","@version":"1","message":"BeanFactory id=878c6996-e811-3b5c-af69-7548a09b9f90","logger_name":"org.springframework.cloud.context.scope.GenericScope","thread_name":"main","level":"INFO","level_value":20000,"service":"backend-service"}
{"@timestamp":"2024-12-03T21:45:40.1200457-05:00","@version":"1","message":"Bean 'org.springframework.cloud.client.loadbalancer.reactive.LoadBalancerBeanPostProcessorAutoConfiguration' of type [org.springframework.cloud.client.loadbalancer.reactive.LoadBalancerBeanPostProcessorAutoConfiguration] is not eligible for getting processed by all BeanPostProcessors (for example: not eligible for auto-proxying)","logger_name":"org.springframework.context.support.PostProcessorRegistrationDelegate$BeanPostProcessorChecker","thread_name":"main","level":"INFO","level_value":20000,"service":"backend-service"}
{"@timestamp":"2024-12-03T21:45:40.1280476-05:00","@version":"1","message":"Bean 'org.springframework.cloud.client.loadbalancer.reactive.LoadBalancerBeanPostProcessorAutoConfiguration$ReactorDeferringLoadBalancerFilterConfig' of type [org.springframework.cloud.client.loadbalancer.reactive.LoadBalancerBeanPostProcessorAutoConfiguration$ReactorDeferringLoadBalancerFilterConfig] is not eligible for getting processed by all BeanPostProcessors (for example: not eligible for auto-proxying)","logger_name":"org.springframework.context.support.PostProcessorRegistrationDelegate$BeanPostProcessorChecker","thread_name":"main","level":"INFO","level_value":20000,"service":"backend-service"}
{"@timestamp":"2024-12-03T21:45:40.1354786-05:00","@version":"1","message":"Bean 'reactorDeferringLoadBalancerExchangeFilterFunction' of type [org.springframework.cloud.client.loadbalancer.reactive.DeferringLoadBalancerExchangeFilterFunction] is not eligible for getting processed by all BeanPostProcessors (for example: not eligible for auto-proxying)","logger_name":"org.springframework.context.support.PostProcessorRegistrationDelegate$BeanPostProcessorChecker","thread_name":"main","level":"INFO","level_value":20000,"service":"backend-service"}
{"@timestamp":"2024-12-03T21:45:40.6434336-05:00","@version":"1","message":"HHH000204: Processing PersistenceUnitInfo [name: default]","logger_name":"org.hibernate.jpa.internal.util.LogHelper","thread_name":"main","level":"INFO","level_value":20000,"service":"backend-service"}
{"@timestamp":"2024-12-03T21:45:40.7846529-05:00","@version":"1","message":"HHH000412: Hibernate ORM core version 6.2.2.Final","logger_name":"org.hibernate.Version","thread_name":"main","level":"INFO","level_value":20000,"service":"backend-service"}
{"@timestamp":"2024-12-03T21:45:40.7889609-05:00","@version":"1","message":"HHH000406: Using bytecode reflection optimizer","logger_name":"org.hibernate.cfg.Environment","thread_name":"main","level":"INFO","level_value":20000,"service":"backend-service"}
{"@timestamp":"2024-12-03T21:45:41.2086597-05:00","@version":"1","message":"HHH000021: Bytecode provider name : bytebuddy","logger_name":"org.hibernate.bytecode.internal.BytecodeProviderInitiator","thread_name":"main","level":"INFO","level_value":20000,"service":"backend-service"}
{"@timestamp":"2024-12-03T21:45:41.4734227-05:00","@version":"1","message":"No LoadTimeWeaver setup: ignoring JPA class transformer","logger_name":"org.springframework.orm.jpa.persistenceunit.SpringPersistenceUnitInfo","thread_name":"main","level":"INFO","level_value":20000,"service":"backend-service"}
{"@timestamp":"2024-12-03T21:45:41.5165643-05:00","@version":"1","message":"HikariPool-1 - Starting...","logger_name":"com.zaxxer.hikari.HikariDataSource","thread_name":"main","level":"INFO","level_value":20000,"service":"backend-service"}
{"@timestamp":"2024-12-03T21:45:42.7422106-05:00","@version":"1","message":"HikariPool-1 - Added connection com.mysql.cj.jdbc.ConnectionImpl@c931728","logger_name":"com.zaxxer.hikari.pool.HikariPool","thread_name":"main","level":"INFO","level_value":20000,"service":"backend-service"}
{"@timestamp":"2024-12-03T21:45:42.7461983-05:00","@version":"1","message":"HikariPool-1 - Start completed.","logger_name":"com.zaxxer.hikari.HikariDataSource","thread_name":"main","level":"INFO","level_value":20000,"service":"backend-service"}
{"@timestamp":"2024-12-03T21:45:42.9253196-05:00","@version":"1","message":"HHH035001: Using dialect: org.hibernate.dialect.MySQLDialect, version: 8.0.39","logger_name":"org.hibernate.orm.dialect","thread_name":"main","level":"INFO","level_value":20000,"service":"backend-service"}
{"@timestamp":"2024-12-03T21:45:43.4066487-05:00","@version":"1","message":"HHH000021: Bytecode provider name : bytebuddy","logger_name":"org.hibernate.bytecode.internal.BytecodeProviderInitiator","thread_name":"main","level":"INFO","level_value":20000,"service":"backend-service"}
{"@timestamp":"2024-12-03T21:45:44.9672531-05:00","@version":"1","message":"HHH000490: Using JtaPlatform implementation: [org.hibernate.engine.transaction.jta.platform.internal.NoJtaPlatform]","logger_name":"org.hibernate.engine.transaction.jta.platform.internal.JtaPlatformInitiator","thread_name":"main","level":"INFO","level_value":20000,"service":"backend-service"}
{"@timestamp":"2024-12-03T21:45:46.5840255-05:00","@version":"1","message":"Initialized JPA EntityManagerFactory for persistence unit 'default'","logger_name":"org.springframework.orm.jpa.LocalContainerEntityManagerFactoryBean","thread_name":"main","level":"INFO","level_value":20000,"service":"backend-service"}
{"@timestamp":"2024-12-03T21:45:47.7896902-05:00","@version":"1","message":"Hibernate is in classpath; If applicable, HQL parser will be used.","logger_name":"org.springframework.data.jpa.repository.query.QueryEnhancerFactory","thread_name":"main","level":"INFO","level_value":20000,"service":"backend-service"}
{"@timestamp":"2024-12-03T21:45:49.7901227-05:00","@version":"1","message":"spring.jpa.open-in-view is enabled by default. Therefore, database queries may be performed during view rendering. Explicitly configure spring.jpa.open-in-view to disable this warning","logger_name":"org.springframework.boot.autoconfigure.orm.jpa.JpaBaseConfiguration$JpaWebConfiguration","thread_name":"main","level":"WARN","level_value":30000,"service":"backend-service"}
{"@timestamp":"2024-12-03T21:45:50.4327472-05:00","@version":"1","message":"Cannot find template location: classpath:/templates/ (please add some templates, check your Thymeleaf configuration, or set spring.thymeleaf.check-template-location=false)","logger_name":"org.springframework.boot.autoconfigure.thymeleaf.ThymeleafAutoConfiguration$DefaultTemplateResolverConfiguration","thread_name":"main","level":"WARN","level_value":30000,"service":"backend-service"}
{"@timestamp":"2024-12-03T21:45:52.6246072-05:00","@version":"1","message":"Spring Cloud LoadBalancer is currently working with the default cache. While this cache implementation is useful for development and tests, it's recommended to use Caffeine cache in production.You can switch to using Caffeine cache, by adding it and org.springframework.cache.caffeine.CaffeineCacheManager to the classpath.","logger_name":"org.springframework.cloud.loadbalancer.config.LoadBalancerCacheAutoConfiguration$LoadBalancerCaffeineWarnLogger","thread_name":"main","level":"WARN","level_value":30000,"service":"backend-service"}
{"@timestamp":"2024-12-03T21:45:52.6541547-05:00","@version":"1","message":"Exposing 3 endpoint(s) beneath base path '/actuator'","logger_name":"org.springframework.boot.actuate.endpoint.web.EndpointLinksResolver","thread_name":"main","level":"INFO","level_value":20000,"service":"backend-service"}
{"@timestamp":"2024-12-03T21:45:52.919527-05:00","@version":"1","message":"Started DemoApplicationTests in 23.262 seconds (process running for 27.717)","logger_name":"com.messagingservice.backendservice.DemoApplicationTests","thread_name":"main","level":"INFO","level_value":20000,"service":"backend-service"}
]]></system-out>
  </testcase>
</testsuite>